2021-02-26 13:26:13,636 - apscheduler.scheduler - INFO - Adding job tentatively -- it will be properly scheduled when the scheduler starts
2021-02-26 13:26:13,637 - apscheduler.scheduler - INFO - Added job "timed_job" to job store "default"
2021-02-26 13:26:13,637 - apscheduler.scheduler - INFO - Scheduler started
2021-02-26 13:26:13,637 - apscheduler.scheduler - DEBUG - Looking for jobs to run
2021-02-26 13:26:13,637 - apscheduler.scheduler - DEBUG - Next wakeup is due at 2021-02-26 13:27:13.635918+01:00 (in 59.998700 seconds)
2021-02-26 13:27:13,638 - apscheduler.scheduler - DEBUG - Looking for jobs to run
2021-02-26 13:27:13,639 - apscheduler.executors.default - INFO - Running job "timed_job (trigger: interval[0:01:00], next run at: 2021-02-26 13:27:13 CET)" (scheduled at 2021-02-26 13:27:13.635918+01:00)
2021-02-26 13:27:13,640 - apscheduler.scheduler - DEBUG - Next wakeup is due at 2021-02-26 13:28:13.635918+01:00 (in 59.997197 seconds)
2021-02-26 13:27:13,741 - urllib3.connectionpool - DEBUG - Starting new HTTPS connection (1): api.kraken.com:443
2021-02-26 13:27:14,073 - urllib3.connectionpool - DEBUG - https://api.kraken.com:443 "POST /0/public/OHLC HTTP/1.1" 200 None
2021-02-26 13:27:14,092 - numexpr.utils - INFO - NumExpr defaulting to 8 threads.
2021-02-26 13:27:14,335 - urllib3.connectionpool - DEBUG - https://api.kraken.com:443 "POST /0/private/CancelAll HTTP/1.1" 200 None
2021-02-26 13:27:14,580 - urllib3.connectionpool - DEBUG - https://api.kraken.com:443 "POST /0/private/Balance HTTP/1.1" 200 None
2021-02-26 13:27:14,581 - root - INFO - Trend is: no action. Buy/sell function is not called.
2021-02-26 13:27:14,582 - apscheduler.executors.default - INFO - Job "timed_job (trigger: interval[0:01:00], next run at: 2021-02-26 13:28:13 CET)" executed successfully
2021-02-26 13:27:45,686 - apscheduler.scheduler - INFO - Adding job tentatively -- it will be properly scheduled when the scheduler starts
2021-02-26 13:27:45,686 - apscheduler.scheduler - INFO - Added job "timed_job" to job store "default"
2021-02-26 13:27:45,687 - apscheduler.scheduler - INFO - Scheduler started
2021-02-26 13:27:45,687 - apscheduler.scheduler - DEBUG - Looking for jobs to run
2021-02-26 13:27:45,687 - apscheduler.scheduler - DEBUG - Next wakeup is due at 2021-02-26 13:28:45.685794+01:00 (in 59.998643 seconds)
